Submitting job with sbatch from directory: /home/mohamed.aly/u11448/DeepLearning4NLP
Home directory: /user/mohamed.aly/u11448
Working directory: /home/mohamed.aly/u11448/DeepLearning4NLP
Current node: ggpu144
Python 3.10.14
Collecting environment information...
PyTorch version: 2.2.0
Is debug build: False
CUDA used to build PyTorch: 12.1
ROCM used to build PyTorch: N/A

OS: Rocky Linux 8.8 (Green Obsidian) (x86_64)
GCC version: (GCC) 8.5.0 20210514 (Red Hat 8.5.0-18)
Clang version: Could not collect
CMake version: version 3.27.4
Libc version: glibc-2.28

Python version: 3.10.14 (main, May  6 2024, 19:42:50) [GCC 11.2.0] (64-bit runtime)
Python platform: Linux-4.18.0-477.21.1.el8_8.x86_64-x86_64-with-glibc2.28
Is CUDA available: True
CUDA runtime version: Could not collect
CUDA_MODULE_LOADING set to: LAZY
GPU models and configuration: 
GPU 0: NVIDIA A100-SXM4-80GB
GPU 1: NVIDIA A100-SXM4-80GB

Nvidia driver version: 535.104.12
cuDNN version: Probably one of the following:
/usr/lib64/libcudnn.so.8.9.5
/usr/lib64/libcudnn_adv_infer.so.8.9.5
/usr/lib64/libcudnn_adv_train.so.8.9.5
/usr/lib64/libcudnn_cnn_infer.so.8.9.5
/usr/lib64/libcudnn_cnn_train.so.8.9.5
/usr/lib64/libcudnn_ops_infer.so.8.9.5
/usr/lib64/libcudnn_ops_train.so.8.9.5
HIP runtime version: N/A
MIOpen runtime version: N/A
Is XNNPACK available: True

CPU:
Architecture:        x86_64
CPU op-mode(s):      32-bit, 64-bit
Byte Order:          Little Endian
CPU(s):              128
On-line CPU(s) list: 0-127
Thread(s) per core:  2
Core(s) per socket:  32
Socket(s):           2
NUMA node(s):        8
Vendor ID:           AuthenticAMD
CPU family:          25
Model:               1
Model name:          AMD EPYC 7513 32-Core Processor
Stepping:            1
CPU MHz:             1500.000
CPU max MHz:         3681.6399
CPU min MHz:         1500.0000
BogoMIPS:            5199.85
Virtualization:      AMD-V
L1d cache:           32K
L1i cache:           32K
L2 cache:            512K
L3 cache:            32768K
NUMA node0 CPU(s):   0-7,64-71
NUMA node1 CPU(s):   8-15,72-79
NUMA node2 CPU(s):   16-23,80-87
NUMA node3 CPU(s):   24-31,88-95
NUMA node4 CPU(s):   32-39,96-103
NUMA node5 CPU(s):   40-47,104-111
NUMA node6 CPU(s):   48-55,112-119
NUMA node7 CPU(s):   56-63,120-127
Flags:               fpu vme de pse tsc msr pae mce cx8 apic sep mtrr pge mca cmov pat pse36 clflush mmx fxsr sse sse2 ht syscall nx mmxext fxsr_opt pdpe1gb rdtscp lm constant_tsc rep_good nopl nonstop_tsc cpuid extd_apicid aperfmperf pni pclmulqdq monitor ssse3 fma cx16 pcid sse4_1 sse4_2 movbe popcnt aes xsave avx f16c rdrand lahf_lm cmp_legacy svm extapic cr8_legacy abm sse4a misalignsse 3dnowprefetch osvw ibs skinit wdt tce topoext perfctr_core perfctr_nb bpext perfctr_llc mwaitx cpb cat_l3 cdp_l3 invpcid_single hw_pstate ssbd mba ibrs ibpb stibp vmmcall fsgsbase bmi1 avx2 smep bmi2 erms invpcid cqm rdt_a rdseed adx smap clflushopt clwb sha_ni xsaveopt xsavec xgetbv1 xsaves cqm_llc cqm_occup_llc cqm_mbm_total cqm_mbm_local clzero irperf xsaveerptr wbnoinvd amd_ppin brs arat npt lbrv svm_lock nrip_save tsc_scale vmcb_clean flushbyasid decodeassists pausefilter pfthreshold v_vmsave_vmload vgif v_spec_ctrl umip pku ospke vaes vpclmulqdq rdpid overflow_recov succor smca fsrm

Versions of relevant libraries:
[pip3] numpy==1.26.4
[pip3] pytorch-crf==0.7.2
[pip3] smart-pytorch==0.0.4
[pip3] torch==2.2.0
[pip3] torch-tb-profiler==0.4.3
[pip3] torchaudio==2.2.0
[pip3] torchvision==0.17.0
[pip3] triton==2.2.0
[conda] blas                      1.0                         mkl  
[conda] ffmpeg                    4.3                  hf484d3e_0    pytorch
[conda] libjpeg-turbo             2.0.0                h9bf148f_0    pytorch
[conda] mkl                       2023.1.0         h213fc3f_46344  
[conda] mkl-fft                   1.3.8                    pypi_0    pypi
[conda] mkl-random                1.2.4                    pypi_0    pypi
[conda] mkl-service               2.4.0                    pypi_0    pypi
[conda] mkl_fft                   1.3.8           py310h5eee18b_0  
[conda] mkl_random                1.2.4           py310hdb19cb5_0  
[conda] numpy                     1.26.4                   pypi_0    pypi
[conda] numpy-base                1.26.4          py310hb5e798b_0  
[conda] pytorch                   2.2.0           py3.10_cuda12.1_cudnn8.9.2_0    pytorch
[conda] pytorch-crf               0.7.2                    pypi_0    pypi
[conda] pytorch-cuda              12.1                 ha16c6d3_5    pytorch
[conda] pytorch-mutex             1.0                        cuda    pytorch
[conda] smart-pytorch             0.0.4                    pypi_0    pypi
[conda] torch                     2.2.0                    pypi_0    pypi
[conda] torch-tb-profiler         0.4.3                    pypi_0    pypi
[conda] torchaudio                2.2.0                    pypi_0    pypi
[conda] torchtriton               2.2.0                     py310    pytorch
[conda] torchvision               0.17.0                   pypi_0    pypi
[conda] triton                    2.2.0                    pypi_0    pypi

Current Branch: BERT_PALs-Aly
Latest Commit: d6aae9b
Uncommitted Changes: 6

Loaded 7111 train examples from data/sst-sentiment-train.csv
Loaded 121620 train examples from data/quora-paraphrase-train.csv
Loaded 5149 train examples from data/sts-similarity-train.csv
Loaded 2365 train examples from data/sst-sentiment-dev.csv
Loaded 40540 train examples from data/quora-paraphrase-dev.csv
Loaded 1709 train examples from data/sts-similarity-dev.csv
------------------------------
    Multitask BERT Model Configuration
------------------------------
{'batch_size': 32,
 'batch_size_para': 16,
 'batch_size_sst': 16,
 'batch_size_sts': 16,
 'beta_vaccine': 0.01,
 'combine_strategy': 'none',
 'epochs': 10,
 'filepath': 'models1/multitask_classifier/20240821-220346-finetune-10.pt',
 'gradient_accumulations_para': 2,
 'gradient_accumulations_sst': 2,
 'gradient_accumulations_sts': 2,
 'hidden_dropout_prob': 0.2,
 'local_files_only': True,
 'logdir': 'logs/',
 'lr': 1e-05,
 'max_batch_size_para': 16,
 'max_batch_size_sst': 16,
 'max_batch_size_sts': 16,
 'model_name': 'bert-base',
 'n_hidden_layers': 2,
 'name': '20240821-220346-finetune-10',
 'no_tensorboard': False,
 'no_train_classifier': False,
 'num_batches_per_epoch': 1800,
 'option': 'finetune',
 'patience': 5,
 'projection': 'pcgrad',
 'samples_per_epoch': None,
 'save_loss_acc_logs': False,
 'seed': 11711,
 'smart_weight_regularization': 0.01,
 'smoketest': False,
 'task_scheduler': 'round_robin',
 'tensorboard_subfolder': None,
 'use_amp': True,
 'use_gpu': True,
 'use_pal': False,
 'use_smart_regularization': True}
------------------------------
Git Branch: BERT_PALs-Aly
Git Hash: d6aae9b1 (!)
------------------------------------------------------------
Command: train_multitask_pal.py --option finetune --use_gpu --local_files_only --smoketest --no_tensorboard --no_train_classifier --use_smart_regularization --use_pal --use_amp
------------------------------

--------------------------------------------------------------------------------
number of learnable parameters: 113031175
total number of parameters: 113031175
--------------------------------------------------------------------------------

Saving the model to models1/multitask_classifier/20240821-220346-finetune-10.pt.
Model saved to  models1/multitask_classifier/20240821-220346-finetune-10.pt
Num batches SST: 600
Num batches Para: 600
Num batches STS: 600

Train Loss SST: 3.1437497751911483
Train Loss Para: 1.073029883603255
Train Loss STS: 2.4682903580864273

Dev Accuracy SST: 0.42875264270613106
Dev Accuracy Para: 0.8039220522940306
Dev Accuracy STS: 0.8730970197309631

Mean Dev Accuracy: 0.7019239049103749
Best Dev Accuracy: 0.7019239049103749
best_dev_accuracies: 0.42875264270613106
best_dev_accuracies: 0.8039220522940306
best_dev_accuracies: 0.8730970197309631
Last improvement: 0

Saving the model to models1/multitask_classifier/20240821-220346-finetune-10.pt.
Model saved to  models1/multitask_classifier/20240821-220346-finetune-10.pt
Num batches SST: 600
Num batches Para: 600
Num batches STS: 600

Train Loss SST: 2.8360001294811568
Train Loss Para: 0.8086285245418549
Train Loss STS: 0.47970545530319214

Dev Accuracy SST: 0.4630021141649049
Dev Accuracy Para: 0.8289343857918106
Dev Accuracy STS: 0.8798673612967566

Mean Dev Accuracy: 0.723934620417824
Best Dev Accuracy: 0.723934620417824
best_dev_accuracies: 0.4630021141649049
best_dev_accuracies: 0.8289343857918106
best_dev_accuracies: 0.8798673612967566
Last improvement: 1

Num batches SST: 600
Num batches Para: 600
Num batches STS: 600

Train Loss SST: 2.6683700344959895
Train Loss Para: 0.7579141066471735
Train Loss STS: 0.3122950475166241

Dev Accuracy SST: 0.43890063424947146
Dev Accuracy Para: 0.8411445485939812
Dev Accuracy STS: 0.8794763712546539

Mean Dev Accuracy: 0.7198405180327022
Best Dev Accuracy: 0.723934620417824
best_dev_accuracies: 0.4630021141649049
best_dev_accuracies: 0.8289343857918106
best_dev_accuracies: 0.8798673612967566
Last improvement: 1

Saving the model to models1/multitask_classifier/20240821-220346-finetune-10.pt.
Model saved to  models1/multitask_classifier/20240821-220346-finetune-10.pt
Num batches SST: 600
Num batches Para: 600
Num batches STS: 600

Train Loss SST: 2.5458438565333683
Train Loss Para: 0.7023944064478079
Train Loss STS: 0.2523353278636932

Dev Accuracy SST: 0.44608879492600423
Dev Accuracy Para: 0.8456339417858905
Dev Accuracy STS: 0.8864529470250858

Mean Dev Accuracy: 0.7260585612456602
Best Dev Accuracy: 0.7260585612456602
best_dev_accuracies: 0.44608879492600423
best_dev_accuracies: 0.8456339417858905
best_dev_accuracies: 0.8864529470250858
Last improvement: 3

Saving the model to models1/multitask_classifier/20240821-220346-finetune-10.pt.
Model saved to  models1/multitask_classifier/20240821-220346-finetune-10.pt
Num batches SST: 600
Num batches Para: 600
Num batches STS: 600

Train Loss SST: 2.4680226433773838
Train Loss Para: 0.6831230543553829
Train Loss STS: 0.20533300515264272

Dev Accuracy SST: 0.4790697674418605
Dev Accuracy Para: 0.8457079427725703
Dev Accuracy STS: 0.887741937545862

Mean Dev Accuracy: 0.737506549253431
Best Dev Accuracy: 0.737506549253431
best_dev_accuracies: 0.4790697674418605
best_dev_accuracies: 0.8457079427725703
best_dev_accuracies: 0.887741937545862
Last improvement: 4

Num batches SST: 600
Num batches Para: 600
Num batches STS: 600

Train Loss SST: 2.386029684742292
Train Loss Para: 0.6651042236636082
Train Loss STS: 0.16498648572713137

Dev Accuracy SST: 0.44608879492600423
Dev Accuracy Para: 0.8575481006413419
Dev Accuracy STS: 0.8884677043744668

Mean Dev Accuracy: 0.7307015333139376
Best Dev Accuracy: 0.737506549253431
best_dev_accuracies: 0.4790697674418605
best_dev_accuracies: 0.8457079427725703
best_dev_accuracies: 0.887741937545862
Last improvement: 4

Num batches SST: 600
Num batches Para: 600
Num batches STS: 600

Train Loss SST: 2.321864837904771
Train Loss Para: 0.5828229122112195
Train Loss STS: 0.14523505296558142

Dev Accuracy SST: 0.4608879492600423
Dev Accuracy Para: 0.8579921065614208
Dev Accuracy STS: 0.8896133024146186

Mean Dev Accuracy: 0.7361644527453605
Best Dev Accuracy: 0.737506549253431
best_dev_accuracies: 0.4790697674418605
best_dev_accuracies: 0.8457079427725703
best_dev_accuracies: 0.887741937545862
Last improvement: 4

Saving the model to models1/multitask_classifier/20240821-220346-finetune-10.pt.
Model saved to  models1/multitask_classifier/20240821-220346-finetune-10.pt
Num batches SST: 600
Num batches Para: 600
Num batches STS: 600

Train Loss SST: 2.30350873063008
Train Loss Para: 0.5554325741281112
Train Loss STS: 0.13814093335221211

Dev Accuracy SST: 0.46765327695560255
Dev Accuracy Para: 0.8623828317710903
Dev Accuracy STS: 0.8885927558746475

Mean Dev Accuracy: 0.7395429548671134
Best Dev Accuracy: 0.7395429548671134
best_dev_accuracies: 0.46765327695560255
best_dev_accuracies: 0.8623828317710903
best_dev_accuracies: 0.8885927558746475
Last improvement: 7

Saving the model to models1/multitask_classifier/20240821-220346-finetune-10.pt.
Model saved to  models1/multitask_classifier/20240821-220346-finetune-10.pt
Num batches SST: 600
Num batches Para: 600
Num batches STS: 600

Train Loss SST: 2.262758612136046
Train Loss Para: 0.5459238039205472
Train Loss STS: 0.13179961589475472

Dev Accuracy SST: 0.4727272727272727
Dev Accuracy Para: 0.8680562407498766
Dev Accuracy STS: 0.8902373147488736

Mean Dev Accuracy: 0.7436736094086743
Best Dev Accuracy: 0.7436736094086743
best_dev_accuracies: 0.4727272727272727
best_dev_accuracies: 0.8680562407498766
best_dev_accuracies: 0.8902373147488736
Last improvement: 8

Saving the model to models1/multitask_classifier/20240821-220346-finetune-10.pt.
Model saved to  models1/multitask_classifier/20240821-220346-finetune-10.pt
Num batches SST: 600
Num batches Para: 600
Num batches STS: 600

Train Loss SST: 2.2420441005627314
Train Loss Para: 0.5475993383675813
Train Loss STS: 0.13111053178707757

Dev Accuracy SST: 0.4799154334038055
Dev Accuracy Para: 0.8644795263936852
Dev Accuracy STS: 0.8900486051049825

Mean Dev Accuracy: 0.7448145216341576
Best Dev Accuracy: 0.7448145216341576
best_dev_accuracies: 0.4799154334038055
best_dev_accuracies: 0.8644795263936852
best_dev_accuracies: 0.8900486051049825
Last improvement: 9

Loaded model to test from models1/multitask_classifier/20240821-220346-finetune-10.pt
Loaded 2371 test examples from data/sst-sentiment-test-student.csv
Loaded 40540 test examples from data/quora-paraphrase-test-student.csv
Loaded 1721 test examples from data/sts-similarity-test-student.csv
Loaded 2365 dev examples from data/sst-sentiment-dev.csv
Loaded 40540 dev examples from data/quora-paraphrase-dev.csv
Loaded 1709 dev examples from data/sts-similarity-dev.csv
dev sentiment acc :: 0.47992
dev paraphrase acc :: 0.86448
dev sts corr :: 0.89005
Mean accuracy :: 0.74481
