Submitting job with sbatch from directory: /home/mohamed.aly/u11448/DeepLearning4NLP
Home directory: /user/mohamed.aly/u11448
Working directory: /home/mohamed.aly/u11448/DeepLearning4NLP
Current node: ggpu144
Python 3.10.14
Collecting environment information...
PyTorch version: 2.2.0
Is debug build: False
CUDA used to build PyTorch: 12.1
ROCM used to build PyTorch: N/A

OS: Rocky Linux 8.8 (Green Obsidian) (x86_64)
GCC version: (GCC) 8.5.0 20210514 (Red Hat 8.5.0-18)
Clang version: Could not collect
CMake version: version 3.27.4
Libc version: glibc-2.28

Python version: 3.10.14 (main, May  6 2024, 19:42:50) [GCC 11.2.0] (64-bit runtime)
Python platform: Linux-4.18.0-477.21.1.el8_8.x86_64-x86_64-with-glibc2.28
Is CUDA available: True
CUDA runtime version: Could not collect
CUDA_MODULE_LOADING set to: LAZY
GPU models and configuration: 
GPU 0: NVIDIA A100-SXM4-80GB
GPU 1: NVIDIA A100-SXM4-80GB

Nvidia driver version: 535.104.12
cuDNN version: Probably one of the following:
/usr/lib64/libcudnn.so.8.9.5
/usr/lib64/libcudnn_adv_infer.so.8.9.5
/usr/lib64/libcudnn_adv_train.so.8.9.5
/usr/lib64/libcudnn_cnn_infer.so.8.9.5
/usr/lib64/libcudnn_cnn_train.so.8.9.5
/usr/lib64/libcudnn_ops_infer.so.8.9.5
/usr/lib64/libcudnn_ops_train.so.8.9.5
HIP runtime version: N/A
MIOpen runtime version: N/A
Is XNNPACK available: True

CPU:
Architecture:        x86_64
CPU op-mode(s):      32-bit, 64-bit
Byte Order:          Little Endian
CPU(s):              128
On-line CPU(s) list: 0-127
Thread(s) per core:  2
Core(s) per socket:  32
Socket(s):           2
NUMA node(s):        8
Vendor ID:           AuthenticAMD
CPU family:          25
Model:               1
Model name:          AMD EPYC 7513 32-Core Processor
Stepping:            1
CPU MHz:             1500.000
CPU max MHz:         3681.6399
CPU min MHz:         1500.0000
BogoMIPS:            5199.85
Virtualization:      AMD-V
L1d cache:           32K
L1i cache:           32K
L2 cache:            512K
L3 cache:            32768K
NUMA node0 CPU(s):   0-7,64-71
NUMA node1 CPU(s):   8-15,72-79
NUMA node2 CPU(s):   16-23,80-87
NUMA node3 CPU(s):   24-31,88-95
NUMA node4 CPU(s):   32-39,96-103
NUMA node5 CPU(s):   40-47,104-111
NUMA node6 CPU(s):   48-55,112-119
NUMA node7 CPU(s):   56-63,120-127
Flags:               fpu vme de pse tsc msr pae mce cx8 apic sep mtrr pge mca cmov pat pse36 clflush mmx fxsr sse sse2 ht syscall nx mmxext fxsr_opt pdpe1gb rdtscp lm constant_tsc rep_good nopl nonstop_tsc cpuid extd_apicid aperfmperf pni pclmulqdq monitor ssse3 fma cx16 pcid sse4_1 sse4_2 movbe popcnt aes xsave avx f16c rdrand lahf_lm cmp_legacy svm extapic cr8_legacy abm sse4a misalignsse 3dnowprefetch osvw ibs skinit wdt tce topoext perfctr_core perfctr_nb bpext perfctr_llc mwaitx cpb cat_l3 cdp_l3 invpcid_single hw_pstate ssbd mba ibrs ibpb stibp vmmcall fsgsbase bmi1 avx2 smep bmi2 erms invpcid cqm rdt_a rdseed adx smap clflushopt clwb sha_ni xsaveopt xsavec xgetbv1 xsaves cqm_llc cqm_occup_llc cqm_mbm_total cqm_mbm_local clzero irperf xsaveerptr wbnoinvd amd_ppin brs arat npt lbrv svm_lock nrip_save tsc_scale vmcb_clean flushbyasid decodeassists pausefilter pfthreshold v_vmsave_vmload vgif v_spec_ctrl umip pku ospke vaes vpclmulqdq rdpid overflow_recov succor smca fsrm

Versions of relevant libraries:
[pip3] numpy==1.26.4
[pip3] pytorch-crf==0.7.2
[pip3] smart-pytorch==0.0.4
[pip3] torch==2.2.0
[pip3] torch-tb-profiler==0.4.3
[pip3] torchaudio==2.2.0
[pip3] torchvision==0.17.0
[pip3] triton==2.2.0
[conda] blas                      1.0                         mkl  
[conda] ffmpeg                    4.3                  hf484d3e_0    pytorch
[conda] libjpeg-turbo             2.0.0                h9bf148f_0    pytorch
[conda] mkl                       2023.1.0         h213fc3f_46344  
[conda] mkl-fft                   1.3.8                    pypi_0    pypi
[conda] mkl-random                1.2.4                    pypi_0    pypi
[conda] mkl-service               2.4.0                    pypi_0    pypi
[conda] mkl_fft                   1.3.8           py310h5eee18b_0  
[conda] mkl_random                1.2.4           py310hdb19cb5_0  
[conda] numpy                     1.26.4                   pypi_0    pypi
[conda] numpy-base                1.26.4          py310hb5e798b_0  
[conda] pytorch                   2.2.0           py3.10_cuda12.1_cudnn8.9.2_0    pytorch
[conda] pytorch-crf               0.7.2                    pypi_0    pypi
[conda] pytorch-cuda              12.1                 ha16c6d3_5    pytorch
[conda] pytorch-mutex             1.0                        cuda    pytorch
[conda] smart-pytorch             0.0.4                    pypi_0    pypi
[conda] torch                     2.2.0                    pypi_0    pypi
[conda] torch-tb-profiler         0.4.3                    pypi_0    pypi
[conda] torchaudio                2.2.0                    pypi_0    pypi
[conda] torchtriton               2.2.0                     py310    pytorch
[conda] torchvision               0.17.0                   pypi_0    pypi
[conda] triton                    2.2.0                    pypi_0    pypi

Current Branch: BERT_PALs-Aly
Latest Commit: d6aae9b
Uncommitted Changes: 10

Loaded 7111 train examples from data/sst-sentiment-train.csv
Loaded 121620 train examples from data/quora-paraphrase-train.csv
Loaded 5149 train examples from data/sts-similarity-train.csv
Loaded 2365 train examples from data/sst-sentiment-dev.csv
Loaded 40540 train examples from data/quora-paraphrase-dev.csv
Loaded 1709 train examples from data/sts-similarity-dev.csv
------------------------------
    Multitask BERT Model Configuration
------------------------------
{'batch_size': 32,
 'batch_size_para': 16,
 'batch_size_sst': 16,
 'batch_size_sts': 16,
 'beta_vaccine': 0.01,
 'combine_strategy': 'none',
 'epochs': 10,
 'filepath': 'models1/multitask_classifier/20240822-002830-finetune-10.pt',
 'gradient_accumulations_para': 2,
 'gradient_accumulations_sst': 2,
 'gradient_accumulations_sts': 2,
 'hidden_dropout_prob': 0.2,
 'local_files_only': True,
 'logdir': 'logs/',
 'lr': 1e-05,
 'max_batch_size_para': 16,
 'max_batch_size_sst': 16,
 'max_batch_size_sts': 16,
 'model_name': 'bert-base',
 'n_hidden_layers': 2,
 'name': '20240822-002830-finetune-10',
 'no_tensorboard': False,
 'no_train_classifier': False,
 'num_batches_per_epoch': 1800,
 'option': 'finetune',
 'patience': 5,
 'projection': 'vaccine',
 'samples_per_epoch': None,
 'save_loss_acc_logs': False,
 'seed': 11711,
 'smart_weight_regularization': 0.01,
 'smoketest': False,
 'task_scheduler': 'round_robin',
 'tensorboard_subfolder': None,
 'use_amp': True,
 'use_gpu': True,
 'use_pal': False,
 'use_smart_regularization': True}
------------------------------
Git Branch: BERT_PALs-Aly
Git Hash: d6aae9b1 (!)
------------------------------------------------------------
Command: train_multitask_pal.py --option finetune --use_gpu --local_files_only --smoketest --no_tensorboard --no_train_classifier --use_smart_regularization --use_pal --use_amp
------------------------------

--------------------------------------------------------------------------------
number of learnable parameters: 113031175
total number of parameters: 113031175
--------------------------------------------------------------------------------

Saving the model to models1/multitask_classifier/20240822-002830-finetune-10.pt.
Model saved to  models1/multitask_classifier/20240822-002830-finetune-10.pt
Num batches SST: 600
Num batches Para: 600
Num batches STS: 600

Train Loss SST: 2.9376331329345704
Train Loss Para: 1.0764551590383054
Train Loss STS: 2.4714208153883614

Dev Accuracy SST: 0.452431289640592
Dev Accuracy Para: 0.7909472126295017
Dev Accuracy STS: 0.8819375470265628

Mean Dev Accuracy: 0.7084386830988856
Best Dev Accuracy: 0.7084386830988856
best_dev_accuracies: 0.452431289640592
best_dev_accuracies: 0.7909472126295017
best_dev_accuracies: 0.8819375470265628
Last improvement: 0

Saving the model to models1/multitask_classifier/20240822-002830-finetune-10.pt.
Model saved to  models1/multitask_classifier/20240822-002830-finetune-10.pt
Num batches SST: 600
Num batches Para: 600
Num batches STS: 600

Train Loss SST: 2.0738613637288412
Train Loss Para: 0.8173296106358369
Train Loss STS: 0.5392029120524724

Dev Accuracy SST: 0.4748414376321353
Dev Accuracy Para: 0.8217316230883078
Dev Accuracy STS: 0.8855545837068042

Mean Dev Accuracy: 0.727375881475749
Best Dev Accuracy: 0.727375881475749
best_dev_accuracies: 0.4748414376321353
best_dev_accuracies: 0.8217316230883078
best_dev_accuracies: 0.8855545837068042
Last improvement: 1

Saving the model to models1/multitask_classifier/20240822-002830-finetune-10.pt.
Model saved to  models1/multitask_classifier/20240822-002830-finetune-10.pt
Num batches SST: 600
Num batches Para: 600
Num batches STS: 600

Train Loss SST: 1.5492598660786947
Train Loss Para: 0.7707885996003946
Train Loss STS: 0.35617017827928066

Dev Accuracy SST: 0.4697674418604651
Dev Accuracy Para: 0.8391958559447459
Dev Accuracy STS: 0.8862443749252819

Mean Dev Accuracy: 0.7317358909101643
Best Dev Accuracy: 0.7317358909101643
best_dev_accuracies: 0.4697674418604651
best_dev_accuracies: 0.8391958559447459
best_dev_accuracies: 0.8862443749252819
Last improvement: 2

Saving the model to models1/multitask_classifier/20240822-002830-finetune-10.pt.
Model saved to  models1/multitask_classifier/20240822-002830-finetune-10.pt
Num batches SST: 600
Num batches Para: 600
Num batches STS: 600

Train Loss SST: 1.2665626780192056
Train Loss Para: 0.717048760826389
Train Loss STS: 0.28133989478151006

Dev Accuracy SST: 0.49471458773784355
Dev Accuracy Para: 0.8410458806117415
Dev Accuracy STS: 0.8904233226167149

Mean Dev Accuracy: 0.7420612636554332
Best Dev Accuracy: 0.7420612636554332
best_dev_accuracies: 0.49471458773784355
best_dev_accuracies: 0.8410458806117415
best_dev_accuracies: 0.8904233226167149
Last improvement: 3

Num batches SST: 600
Num batches Para: 600
Num batches STS: 600

Train Loss SST: 0.8202043875058492
Train Loss Para: 0.7101116079092026
Train Loss STS: 0.2404271964977185

Dev Accuracy SST: 0.4887949260042283
Dev Accuracy Para: 0.8421312284163789
Dev Accuracy STS: 0.8913967756155277

Mean Dev Accuracy: 0.740774310012045
Best Dev Accuracy: 0.7420612636554332
best_dev_accuracies: 0.49471458773784355
best_dev_accuracies: 0.8410458806117415
best_dev_accuracies: 0.8904233226167149
Last improvement: 3

Saving the model to models1/multitask_classifier/20240822-002830-finetune-10.pt.
Model saved to  models1/multitask_classifier/20240822-002830-finetune-10.pt
Num batches SST: 600
Num batches Para: 600
Num batches STS: 600

Train Loss SST: 0.6501219634215037
Train Loss Para: 0.693857385913531
Train Loss STS: 0.22201410380502543

Dev Accuracy SST: 0.5120507399577167
Dev Accuracy Para: 0.8517020226936359
Dev Accuracy STS: 0.8917101225919254

Mean Dev Accuracy: 0.7518209617477593
Best Dev Accuracy: 0.7518209617477593
best_dev_accuracies: 0.5120507399577167
best_dev_accuracies: 0.8517020226936359
best_dev_accuracies: 0.8917101225919254
Last improvement: 5

Num batches SST: 600
Num batches Para: 600
Num batches STS: 600

Train Loss SST: 0.4309506564835707
Train Loss Para: 0.6216695350656907
Train Loss STS: 0.19925244703888892

Dev Accuracy SST: 0.48583509513742074
Dev Accuracy Para: 0.8496793290577208
Dev Accuracy STS: 0.8922483716411415

Mean Dev Accuracy: 0.7425875986120943
Best Dev Accuracy: 0.7518209617477593
best_dev_accuracies: 0.5120507399577167
best_dev_accuracies: 0.8517020226936359
best_dev_accuracies: 0.8917101225919254
Last improvement: 5

Num batches SST: 600
Num batches Para: 600
Num batches STS: 600

Train Loss SST: 0.30933402878542743
Train Loss Para: 0.6036086280892292
Train Loss STS: 0.1812553056826194

Dev Accuracy SST: 0.5052854122621564
Dev Accuracy Para: 0.8496546620621608
Dev Accuracy STS: 0.891402547354499

Mean Dev Accuracy: 0.7487808738929388
Best Dev Accuracy: 0.7518209617477593
best_dev_accuracies: 0.5120507399577167
best_dev_accuracies: 0.8517020226936359
best_dev_accuracies: 0.8917101225919254
Last improvement: 5

Saving the model to models1/multitask_classifier/20240822-002830-finetune-10.pt.
Model saved to  models1/multitask_classifier/20240822-002830-finetune-10.pt
Num batches SST: 600
Num batches Para: 600
Num batches STS: 600

Train Loss SST: 0.14824203408012787
Train Loss Para: 0.5965058247496684
Train Loss STS: 0.16176948501418034

Dev Accuracy SST: 0.5048625792811839
Dev Accuracy Para: 0.8591021213616181
Dev Accuracy STS: 0.8930404022236935

Mean Dev Accuracy: 0.7523350342888319
Best Dev Accuracy: 0.7523350342888319
best_dev_accuracies: 0.5048625792811839
best_dev_accuracies: 0.8591021213616181
best_dev_accuracies: 0.8930404022236935
Last improvement: 8

Num batches SST: 600
Num batches Para: 600
Num batches STS: 600

Train Loss SST: 0.11102232281118632
Train Loss Para: 0.5949851614981889
Train Loss STS: 0.1510830941423774

Dev Accuracy SST: 0.506553911205074
Dev Accuracy Para: 0.8555994079921065
Dev Accuracy STS: 0.8922608711884558

Mean Dev Accuracy: 0.7514713967952121
Best Dev Accuracy: 0.7523350342888319
best_dev_accuracies: 0.5048625792811839
best_dev_accuracies: 0.8591021213616181
best_dev_accuracies: 0.8930404022236935
Last improvement: 8

Loaded model to test from models1/multitask_classifier/20240822-002830-finetune-10.pt
Loaded 2371 test examples from data/sst-sentiment-test-student.csv
Loaded 40540 test examples from data/quora-paraphrase-test-student.csv
Loaded 1721 test examples from data/sts-similarity-test-student.csv
Loaded 2365 dev examples from data/sst-sentiment-dev.csv
Loaded 40540 dev examples from data/quora-paraphrase-dev.csv
Loaded 1709 dev examples from data/sts-similarity-dev.csv
dev sentiment acc :: 0.50486
dev paraphrase acc :: 0.85910
dev sts corr :: 0.89304
Mean accuracy :: 0.75234
