Submitting job with sbatch from directory: /home/mohamed.aly/u11448/DeepLearning4NLP
Home directory: /user/mohamed.aly/u11448
Working directory: /home/mohamed.aly/u11448/DeepLearning4NLP
Current node: ggpu151
Python 3.10.14
Collecting environment information...
PyTorch version: 2.2.0
Is debug build: False
CUDA used to build PyTorch: 12.1
ROCM used to build PyTorch: N/A

OS: Rocky Linux 8.8 (Green Obsidian) (x86_64)
GCC version: (GCC) 8.5.0 20210514 (Red Hat 8.5.0-18)
Clang version: Could not collect
CMake version: version 3.27.4
Libc version: glibc-2.28

Python version: 3.10.14 (main, May  6 2024, 19:42:50) [GCC 11.2.0] (64-bit runtime)
Python platform: Linux-4.18.0-477.21.1.el8_8.x86_64-x86_64-with-glibc2.28
Is CUDA available: True
CUDA runtime version: Could not collect
CUDA_MODULE_LOADING set to: LAZY
GPU models and configuration: 
GPU 0: NVIDIA A100-SXM4-80GB
GPU 1: NVIDIA A100-SXM4-80GB

Nvidia driver version: 535.104.12
cuDNN version: Probably one of the following:
/usr/lib64/libcudnn.so.8.9.5
/usr/lib64/libcudnn_adv_infer.so.8.9.5
/usr/lib64/libcudnn_adv_train.so.8.9.5
/usr/lib64/libcudnn_cnn_infer.so.8.9.5
/usr/lib64/libcudnn_cnn_train.so.8.9.5
/usr/lib64/libcudnn_ops_infer.so.8.9.5
/usr/lib64/libcudnn_ops_train.so.8.9.5
HIP runtime version: N/A
MIOpen runtime version: N/A
Is XNNPACK available: True

CPU:
Architecture:        x86_64
CPU op-mode(s):      32-bit, 64-bit
Byte Order:          Little Endian
CPU(s):              128
On-line CPU(s) list: 0-127
Thread(s) per core:  2
Core(s) per socket:  32
Socket(s):           2
NUMA node(s):        8
Vendor ID:           AuthenticAMD
CPU family:          25
Model:               1
Model name:          AMD EPYC 7513 32-Core Processor
Stepping:            1
CPU MHz:             1500.000
CPU max MHz:         3681.6399
CPU min MHz:         1500.0000
BogoMIPS:            5199.54
Virtualization:      AMD-V
L1d cache:           32K
L1i cache:           32K
L2 cache:            512K
L3 cache:            32768K
NUMA node0 CPU(s):   0-7,64-71
NUMA node1 CPU(s):   8-15,72-79
NUMA node2 CPU(s):   16-23,80-87
NUMA node3 CPU(s):   24-31,88-95
NUMA node4 CPU(s):   32-39,96-103
NUMA node5 CPU(s):   40-47,104-111
NUMA node6 CPU(s):   48-55,112-119
NUMA node7 CPU(s):   56-63,120-127
Flags:               fpu vme de pse tsc msr pae mce cx8 apic sep mtrr pge mca cmov pat pse36 clflush mmx fxsr sse sse2 ht syscall nx mmxext fxsr_opt pdpe1gb rdtscp lm constant_tsc rep_good nopl nonstop_tsc cpuid extd_apicid aperfmperf pni pclmulqdq monitor ssse3 fma cx16 pcid sse4_1 sse4_2 movbe popcnt aes xsave avx f16c rdrand lahf_lm cmp_legacy svm extapic cr8_legacy abm sse4a misalignsse 3dnowprefetch osvw ibs skinit wdt tce topoext perfctr_core perfctr_nb bpext perfctr_llc mwaitx cpb cat_l3 cdp_l3 invpcid_single hw_pstate ssbd mba ibrs ibpb stibp vmmcall fsgsbase bmi1 avx2 smep bmi2 erms invpcid cqm rdt_a rdseed adx smap clflushopt clwb sha_ni xsaveopt xsavec xgetbv1 xsaves cqm_llc cqm_occup_llc cqm_mbm_total cqm_mbm_local clzero irperf xsaveerptr wbnoinvd amd_ppin brs arat npt lbrv svm_lock nrip_save tsc_scale vmcb_clean flushbyasid decodeassists pausefilter pfthreshold v_vmsave_vmload vgif v_spec_ctrl umip pku ospke vaes vpclmulqdq rdpid overflow_recov succor smca fsrm

Versions of relevant libraries:
[pip3] numpy==1.26.4
[pip3] pytorch-crf==0.7.2
[pip3] torch==2.2.0
[pip3] torch-tb-profiler==0.4.3
[pip3] torchaudio==2.2.0
[pip3] torchvision==0.17.0
[pip3] triton==2.2.0
[conda] blas                      1.0                         mkl  
[conda] ffmpeg                    4.3                  hf484d3e_0    pytorch
[conda] libjpeg-turbo             2.0.0                h9bf148f_0    pytorch
[conda] mkl                       2023.1.0         h213fc3f_46344  
[conda] mkl-fft                   1.3.8                    pypi_0    pypi
[conda] mkl-random                1.2.4                    pypi_0    pypi
[conda] mkl-service               2.4.0                    pypi_0    pypi
[conda] mkl_fft                   1.3.8           py310h5eee18b_0  
[conda] mkl_random                1.2.4           py310hdb19cb5_0  
[conda] numpy                     1.26.4                   pypi_0    pypi
[conda] numpy-base                1.26.4          py310hb5e798b_0  
[conda] pytorch                   2.2.0           py3.10_cuda12.1_cudnn8.9.2_0    pytorch
[conda] pytorch-crf               0.7.2                    pypi_0    pypi
[conda] pytorch-cuda              12.1                 ha16c6d3_5    pytorch
[conda] pytorch-mutex             1.0                        cuda    pytorch
[conda] torch                     2.2.0                    pypi_0    pypi
[conda] torch-tb-profiler         0.4.3                    pypi_0    pypi
[conda] torchaudio                2.2.0                    pypi_0    pypi
[conda] torchtriton               2.2.0                     py310    pytorch
[conda] torchvision               0.17.0                   pypi_0    pypi
[conda] triton                    2.2.0                    pypi_0    pypi

Current Branch: combine_models-Aly
Latest Commit: c89f332
Uncommitted Changes: 26

Loaded 7111 train examples from data/sst-sentiment-train.csv
Loaded 121620 train examples from data/quora-paraphrase-train.csv
Loaded 5149 train examples from data/sts-similarity-train.csv
Loaded 2019 train examples from data/etpc-paraphrase-train.csv
Loaded 2365 train examples from data/sst-sentiment-dev.csv
Loaded 40540 train examples from data/quora-paraphrase-dev.csv
Loaded 1709 train examples from data/sts-similarity-dev.csv
Loaded 505 train examples from data/etpc-paraphrase-dev.csv
------------------------------
    Multitask BERT Model Configuration
------------------------------
{'add_layers': True,
 'additional_inputs': False,
 'batch_size': 64,
 'checkpoint': None,
 'clip': 0.25,
 'config_save_dir': './config_params/bert/multitask/',
 'epochs': 20,
 'filepath': 'models1/multitask_classifier/20240815-123721-finetune-20-10000-64-adamw-8e-05-plateau-False-multitask-709af00e-d873-4f77-9b0a-1abb5a923fde.pt',
 'hess_interval': 10,
 'hidden_dropout_prob': 0.2,
 'hpo': False,
 'hpo_trials': 10,
 'improve_dir': './improve_dir',
 'layers': None,
 'local_files_only': True,
 'logdir': 'logdir',
 'lr': 8e-05,
 'max_position_embeddings': 512,
 'optimizer': 'adamw',
 'option': 'finetune',
 'para': True,
 'pooling': None,
 'profiler': True,
 'rho': 0.05,
 'samples_per_epoch': 10000,
 'scheduler': 'plateau',
 'seed': 11711,
 'smoketest': False,
 'sst': True,
 'sts': True,
 'task': 'multitask',
 'tensorboard_subfolder': None,
 'unfreeze_interval': None,
 'use_gpu': True,
 'weight_decay': 0.05,
 'write_summary': False}
------------------------------
Git Branch: combine_models-Aly
Git Hash: c89f3329 (!)
------------------------------------------------------------
Command: train_multitask.py --use_gpu --local_files_only --option finetune --task multitask --hpo --smoketest --additional_inputs --add_layers --profiler --write_summary --sst --sts --para
------------------------------
etpc task not included in the multitask training and evaluation
Paraphrase detection accuracy: 0.784
Sentiment classification accuracy: 0.498
Semantic Textual Similarity correlation: 0.924


etpc task not included in the multitask training and evaluation
Paraphrase detection accuracy: 0.771
Sentiment classification accuracy: 0.428
Semantic Textual Similarity correlation: 0.812


Saving the model to models1/multitask_classifier/20240815-123721-finetune-20-10000-64-adamw-8e-05-plateau-False-multitask-709af00e-d873-4f77-9b0a-1abb5a923fde.pt.
Epoch 0: Avg Train Loss :: 0.839, Avg Train Acc :: 0.735, Avg Dev Acc :: 0.671
etpc task not included in the multitask training and evaluation
Paraphrase detection accuracy: 0.792
Sentiment classification accuracy: 0.762
Semantic Textual Similarity correlation: 0.956


etpc task not included in the multitask training and evaluation
Paraphrase detection accuracy: 0.776
Sentiment classification accuracy: 0.480
Semantic Textual Similarity correlation: 0.827


Saving the model to models1/multitask_classifier/20240815-123721-finetune-20-10000-64-adamw-8e-05-plateau-False-multitask-709af00e-d873-4f77-9b0a-1abb5a923fde.pt.
Epoch 1: Avg Train Loss :: 0.507, Avg Train Acc :: 0.837, Avg Dev Acc :: 0.694
etpc task not included in the multitask training and evaluation
Paraphrase detection accuracy: 0.849
Sentiment classification accuracy: 0.845
Semantic Textual Similarity correlation: 0.970


etpc task not included in the multitask training and evaluation
Paraphrase detection accuracy: 0.832
Sentiment classification accuracy: 0.466
Semantic Textual Similarity correlation: 0.829


Epoch 2: Avg Train Loss :: 0.373, Avg Train Acc :: 0.888, Avg Dev Acc :: 0.709
etpc task not included in the multitask training and evaluation
Paraphrase detection accuracy: 0.854
Sentiment classification accuracy: 0.921
Semantic Textual Similarity correlation: 0.972


etpc task not included in the multitask training and evaluation
Paraphrase detection accuracy: 0.826
Sentiment classification accuracy: 0.488
Semantic Textual Similarity correlation: 0.826


Epoch 3: Avg Train Loss :: 0.293, Avg Train Acc :: 0.916, Avg Dev Acc :: 0.713
etpc task not included in the multitask training and evaluation
Paraphrase detection accuracy: 0.868
Sentiment classification accuracy: 0.938
Semantic Textual Similarity correlation: 0.976


etpc task not included in the multitask training and evaluation
Paraphrase detection accuracy: 0.837
Sentiment classification accuracy: 0.488
Semantic Textual Similarity correlation: 0.828


Saving the model to models1/multitask_classifier/20240815-123721-finetune-20-10000-64-adamw-8e-05-plateau-False-multitask-709af00e-d873-4f77-9b0a-1abb5a923fde.pt.
Epoch 4: Avg Train Loss :: 0.239, Avg Train Acc :: 0.927, Avg Dev Acc :: 0.717
etpc task not included in the multitask training and evaluation
Paraphrase detection accuracy: 0.873
Sentiment classification accuracy: 0.962
Semantic Textual Similarity correlation: 0.975


etpc task not included in the multitask training and evaluation
Paraphrase detection accuracy: 0.841
Sentiment classification accuracy: 0.480
Semantic Textual Similarity correlation: 0.832


Epoch 5: Avg Train Loss :: 0.202, Avg Train Acc :: 0.937, Avg Dev Acc :: 0.718
etpc task not included in the multitask training and evaluation
Paraphrase detection accuracy: 0.883
Sentiment classification accuracy: 0.978
Semantic Textual Similarity correlation: 0.975


etpc task not included in the multitask training and evaluation
Paraphrase detection accuracy: 0.847
Sentiment classification accuracy: 0.482
Semantic Textual Similarity correlation: 0.825


Epoch 6: Avg Train Loss :: 0.190, Avg Train Acc :: 0.945, Avg Dev Acc :: 0.718
etpc task not included in the multitask training and evaluation
Paraphrase detection accuracy: 0.873
Sentiment classification accuracy: 0.988
Semantic Textual Similarity correlation: 0.977


etpc task not included in the multitask training and evaluation
Paraphrase detection accuracy: 0.832
Sentiment classification accuracy: 0.475
Semantic Textual Similarity correlation: 0.827


Epoch 7: Avg Train Loss :: 0.169, Avg Train Acc :: 0.946, Avg Dev Acc :: 0.711
etpc task not included in the multitask training and evaluation
Paraphrase detection accuracy: 0.887
Sentiment classification accuracy: 0.987
Semantic Textual Similarity correlation: 0.978


etpc task not included in the multitask training and evaluation
Paraphrase detection accuracy: 0.846
Sentiment classification accuracy: 0.466
Semantic Textual Similarity correlation: 0.825


Epoch 8: Avg Train Loss :: 0.156, Avg Train Acc :: 0.951, Avg Dev Acc :: 0.712
etpc task not included in the multitask training and evaluation
Paraphrase detection accuracy: 0.897
Sentiment classification accuracy: 0.959
Semantic Textual Similarity correlation: 0.980


etpc task not included in the multitask training and evaluation
Paraphrase detection accuracy: 0.849
Sentiment classification accuracy: 0.475
Semantic Textual Similarity correlation: 0.828


Epoch 9: Avg Train Loss :: 0.150, Avg Train Acc :: 0.945, Avg Dev Acc :: 0.717
etpc task not included in the multitask training and evaluation
Paraphrase detection accuracy: 0.899
Sentiment classification accuracy: 0.997
Semantic Textual Similarity correlation: 0.986


etpc task not included in the multitask training and evaluation
Paraphrase detection accuracy: 0.851
Sentiment classification accuracy: 0.488
Semantic Textual Similarity correlation: 0.832


Epoch 10: Avg Train Loss :: 0.125, Avg Train Acc :: 0.961, Avg Dev Acc :: 0.724
etpc task not included in the multitask training and evaluation
Paraphrase detection accuracy: 0.908
Sentiment classification accuracy: 1.000
Semantic Textual Similarity correlation: 0.990


etpc task not included in the multitask training and evaluation
Paraphrase detection accuracy: 0.851
Sentiment classification accuracy: 0.487
Semantic Textual Similarity correlation: 0.835


Epoch 11: Avg Train Loss :: 0.107, Avg Train Acc :: 0.966, Avg Dev Acc :: 0.724
etpc task not included in the multitask training and evaluation
Paraphrase detection accuracy: 0.908
Sentiment classification accuracy: 1.000
Semantic Textual Similarity correlation: 0.992


etpc task not included in the multitask training and evaluation
Paraphrase detection accuracy: 0.857
Sentiment classification accuracy: 0.491
Semantic Textual Similarity correlation: 0.835


Saving the model to models1/multitask_classifier/20240815-123721-finetune-20-10000-64-adamw-8e-05-plateau-False-multitask-709af00e-d873-4f77-9b0a-1abb5a923fde.pt.
Epoch 12: Avg Train Loss :: 0.098, Avg Train Acc :: 0.967, Avg Dev Acc :: 0.728
etpc task not included in the multitask training and evaluation
Paraphrase detection accuracy: 0.921
Sentiment classification accuracy: 1.000
Semantic Textual Similarity correlation: 0.993


etpc task not included in the multitask training and evaluation
Paraphrase detection accuracy: 0.856
Sentiment classification accuracy: 0.491
Semantic Textual Similarity correlation: 0.836


Epoch 13: Avg Train Loss :: 0.099, Avg Train Acc :: 0.971, Avg Dev Acc :: 0.728
etpc task not included in the multitask training and evaluation
Paraphrase detection accuracy: 0.915
Sentiment classification accuracy: 1.000
Semantic Textual Similarity correlation: 0.994


etpc task not included in the multitask training and evaluation
Paraphrase detection accuracy: 0.855
Sentiment classification accuracy: 0.491
Semantic Textual Similarity correlation: 0.836


Epoch 14: Avg Train Loss :: 0.092, Avg Train Acc :: 0.970, Avg Dev Acc :: 0.727
etpc task not included in the multitask training and evaluation
Paraphrase detection accuracy: 0.918
Sentiment classification accuracy: 1.000
Semantic Textual Similarity correlation: 0.994


etpc task not included in the multitask training and evaluation
Paraphrase detection accuracy: 0.857
Sentiment classification accuracy: 0.487
Semantic Textual Similarity correlation: 0.837


Epoch 15: Avg Train Loss :: 0.090, Avg Train Acc :: 0.971, Avg Dev Acc :: 0.727
etpc task not included in the multitask training and evaluation
Paraphrase detection accuracy: 0.919
Sentiment classification accuracy: 1.000
Semantic Textual Similarity correlation: 0.994


etpc task not included in the multitask training and evaluation
Paraphrase detection accuracy: 0.859
Sentiment classification accuracy: 0.486
Semantic Textual Similarity correlation: 0.837


Epoch 16: Avg Train Loss :: 0.088, Avg Train Acc :: 0.971, Avg Dev Acc :: 0.727
etpc task not included in the multitask training and evaluation
Paraphrase detection accuracy: 0.923
Sentiment classification accuracy: 1.000
Semantic Textual Similarity correlation: 0.994


etpc task not included in the multitask training and evaluation
Paraphrase detection accuracy: 0.858
Sentiment classification accuracy: 0.488
Semantic Textual Similarity correlation: 0.837


Epoch 17: Avg Train Loss :: 0.086, Avg Train Acc :: 0.973, Avg Dev Acc :: 0.728
etpc task not included in the multitask training and evaluation
Paraphrase detection accuracy: 0.920
Sentiment classification accuracy: 1.000
Semantic Textual Similarity correlation: 0.994


etpc task not included in the multitask training and evaluation
Paraphrase detection accuracy: 0.858
Sentiment classification accuracy: 0.486
Semantic Textual Similarity correlation: 0.837


Epoch 18: Avg Train Loss :: 0.088, Avg Train Acc :: 0.971, Avg Dev Acc :: 0.727
etpc task not included in the multitask training and evaluation
Paraphrase detection accuracy: 0.921
Sentiment classification accuracy: 1.000
Semantic Textual Similarity correlation: 0.994


etpc task not included in the multitask training and evaluation
Paraphrase detection accuracy: 0.858
Sentiment classification accuracy: 0.485
Semantic Textual Similarity correlation: 0.837


Epoch 19: Avg Train Loss :: 0.084, Avg Train Acc :: 0.972, Avg Dev Acc :: 0.727
Loaded model to test from <_io.BufferedReader name='models1/multitask_classifier/20240815-123721-finetune-20-10000-64-adamw-8e-05-plateau-False-multitask-709af00e-d873-4f77-9b0a-1abb5a923fde.pt'>
Loaded 2371 test examples from data/sst-sentiment-test-student.csv
Loaded 40540 test examples from data/quora-paraphrase-test-student.csv
Loaded 1721 test examples from data/sts-similarity-test-student.csv
Loaded 574 test examples from data/etpc-paraphrase-detection-test-student.csv
Loaded 2365 dev examples from data/sst-sentiment-dev.csv
Loaded 40540 dev examples from data/quora-paraphrase-dev.csv
Loaded 1709 dev examples from data/sts-similarity-dev.csv
Loaded 505 dev examples from data/etpc-paraphrase-dev.csv
etpc task not included in the multitask training and evaluation
Paraphrase detection accuracy: 0.857
Sentiment classification accuracy: 0.491
Semantic Textual Similarity correlation: 0.851


etpc task not included in the multitask training and evaluation
dev sentiment acc :: 0.491
your score is lower than the baseline for sst task
dev paraphrase acc :: 0.857
Your score is higher than the baseline for qqp task
saving params
dev sts corr :: 0.851
Your score is higher than the baseline for sts task
saving params
