================================================================================
JobID = 1437481
User = u11448, Account = nhr_dnlpss24_g04
Partition = grete:shared, Nodelist = ggpu143
================================================================================
Submitting job with sbatch from directory: /home/mohamed.aly/u11448/DeepLearning4NLP
Home directory: /user/mohamed.aly/u11448
Working directory: /home/mohamed.aly/u11448/DeepLearning4NLP
Current node: ggpu143
Python 3.10.14
Collecting environment information...
PyTorch version: 2.2.0
Is debug build: False
CUDA used to build PyTorch: 12.1
ROCM used to build PyTorch: N/A

OS: Rocky Linux 8.8 (Green Obsidian) (x86_64)
GCC version: (GCC) 8.5.0 20210514 (Red Hat 8.5.0-18)
Clang version: Could not collect
CMake version: version 3.27.4
Libc version: glibc-2.28

Python version: 3.10.14 (main, May  6 2024, 19:42:50) [GCC 11.2.0] (64-bit runtime)
Python platform: Linux-4.18.0-477.21.1.el8_8.x86_64-x86_64-with-glibc2.28
Is CUDA available: True
CUDA runtime version: Could not collect
CUDA_MODULE_LOADING set to: LAZY
GPU models and configuration: 
GPU 0: NVIDIA A100-SXM4-80GB
GPU 1: NVIDIA A100-SXM4-80GB

Nvidia driver version: 535.104.12
cuDNN version: Probably one of the following:
/usr/lib64/libcudnn.so.8.9.5
/usr/lib64/libcudnn_adv_infer.so.8.9.5
/usr/lib64/libcudnn_adv_train.so.8.9.5
/usr/lib64/libcudnn_cnn_infer.so.8.9.5
/usr/lib64/libcudnn_cnn_train.so.8.9.5
/usr/lib64/libcudnn_ops_infer.so.8.9.5
/usr/lib64/libcudnn_ops_train.so.8.9.5
HIP runtime version: N/A
MIOpen runtime version: N/A
Is XNNPACK available: True

CPU:
Architecture:        x86_64
CPU op-mode(s):      32-bit, 64-bit
Byte Order:          Little Endian
CPU(s):              128
On-line CPU(s) list: 0-127
Thread(s) per core:  2
Core(s) per socket:  32
Socket(s):           2
NUMA node(s):        8
Vendor ID:           AuthenticAMD
CPU family:          25
Model:               1
Model name:          AMD EPYC 7513 32-Core Processor
Stepping:            1
CPU MHz:             1500.000
CPU max MHz:         3681.6399
CPU min MHz:         1500.0000
BogoMIPS:            5200.16
Virtualization:      AMD-V
L1d cache:           32K
L1i cache:           32K
L2 cache:            512K
L3 cache:            32768K
NUMA node0 CPU(s):   0-7,64-71
NUMA node1 CPU(s):   8-15,72-79
NUMA node2 CPU(s):   16-23,80-87
NUMA node3 CPU(s):   24-31,88-95
NUMA node4 CPU(s):   32-39,96-103
NUMA node5 CPU(s):   40-47,104-111
NUMA node6 CPU(s):   48-55,112-119
NUMA node7 CPU(s):   56-63,120-127
Flags:               fpu vme de pse tsc msr pae mce cx8 apic sep mtrr pge mca cmov pat pse36 clflush mmx fxsr sse sse2 ht syscall nx mmxext fxsr_opt pdpe1gb rdtscp lm constant_tsc rep_good nopl nonstop_tsc cpuid extd_apicid aperfmperf pni pclmulqdq monitor ssse3 fma cx16 pcid sse4_1 sse4_2 movbe popcnt aes xsave avx f16c rdrand lahf_lm cmp_legacy svm extapic cr8_legacy abm sse4a misalignsse 3dnowprefetch osvw ibs skinit wdt tce topoext perfctr_core perfctr_nb bpext perfctr_llc mwaitx cpb cat_l3 cdp_l3 invpcid_single hw_pstate ssbd mba ibrs ibpb stibp vmmcall fsgsbase bmi1 avx2 smep bmi2 erms invpcid cqm rdt_a rdseed adx smap clflushopt clwb sha_ni xsaveopt xsavec xgetbv1 xsaves cqm_llc cqm_occup_llc cqm_mbm_total cqm_mbm_local clzero irperf xsaveerptr wbnoinvd amd_ppin brs arat npt lbrv svm_lock nrip_save tsc_scale vmcb_clean flushbyasid decodeassists pausefilter pfthreshold v_vmsave_vmload vgif v_spec_ctrl umip pku ospke vaes vpclmulqdq rdpid overflow_recov succor smca fsrm

Versions of relevant libraries:
[pip3] numpy==1.26.4
[pip3] pytorch-crf==0.7.2
[pip3] torch==2.2.0
[pip3] torch-tb-profiler==0.4.3
[pip3] torchaudio==2.2.0
[pip3] torchvision==0.17.0
[pip3] triton==2.2.0
[conda] blas                      1.0                         mkl  
[conda] ffmpeg                    4.3                  hf484d3e_0    pytorch
[conda] libjpeg-turbo             2.0.0                h9bf148f_0    pytorch
[conda] mkl                       2023.1.0         h213fc3f_46344  
[conda] mkl-fft                   1.3.8                    pypi_0    pypi
[conda] mkl-random                1.2.4                    pypi_0    pypi
[conda] mkl-service               2.4.0                    pypi_0    pypi
[conda] mkl_fft                   1.3.8           py310h5eee18b_0  
[conda] mkl_random                1.2.4           py310hdb19cb5_0  
[conda] numpy                     1.26.4                   pypi_0    pypi
[conda] numpy-base                1.26.4          py310hb5e798b_0  
[conda] pytorch                   2.2.0           py3.10_cuda12.1_cudnn8.9.2_0    pytorch
[conda] pytorch-crf               0.7.2                    pypi_0    pypi
[conda] pytorch-cuda              12.1                 ha16c6d3_5    pytorch
[conda] pytorch-mutex             1.0                        cuda    pytorch
[conda] torch                     2.2.0                    pypi_0    pypi
[conda] torch-tb-profiler         0.4.3                    pypi_0    pypi
[conda] torchaudio                2.2.0                    pypi_0    pypi
[conda] torchtriton               2.2.0                     py310    pytorch
[conda] torchvision               0.17.0                   pypi_0    pypi
[conda] triton                    2.2.0                    pypi_0    pypi

Current Branch: BERT_PALs-Aly
Latest Commit: aec07e3
Uncommitted Changes: 6

Loaded 7111 train examples from data/sst-sentiment-train.csv
Loaded 121620 train examples from data/quora-paraphrase-train.csv
Loaded 5149 train examples from data/sts-similarity-train.csv
Loaded 2019 train examples from data/etpc-paraphrase-train.csv
Loaded 2365 train examples from data/sst-sentiment-dev.csv
Loaded 40540 train examples from data/quora-paraphrase-dev.csv
Loaded 1709 train examples from data/sts-similarity-dev.csv
Loaded 505 train examples from data/etpc-paraphrase-dev.csv
------------------------------
    Multitask BERT Model Configuration
------------------------------
{'add_layers': False,
 'additional_inputs': False,
 'batch_size': 64,
 'checkpoint': None,
 'clip': 0.25,
 'combined_models': False,
 'config_save_dir': './config_params/bert/multitask/',
 'epochs': 20,
 'filepath': 'models1/multitask_classifier/20240820-183111-finetune-20-20000-64-adamw-8e-05-plateau-False-multitask.pt',
 'hess_interval': 10,
 'hidden_dropout_prob': 0.1,
 'hpo': False,
 'hpo_trials': 10,
 'improve_dir': './improve_dir',
 'layers': None,
 'local_files_only': True,
 'logdir': 'logdir',
 'lr': 8e-05,
 'max_length': 512,
 'max_position_embeddings': 512,
 'model_name': 'bert-large-uncased',
 'name': '20240820-183111-finetune-20-20000-64-adamw-8e-05-plateau-False-multitask',
 'optimizer': 'adamw',
 'option': 'finetune',
 'para': True,
 'pooling': None,
 'profiler': True,
 'rho': 0.05,
 'samples_per_epoch': 20000,
 'scheduler': 'plateau',
 'seed': 11711,
 'smoketest': False,
 'sst': True,
 'sts': True,
 'task': 'multitask',
 'tensorboard_subfolder': None,
 'unfreeze_interval': None,
 'use_gpu': True,
 'use_pal': False,
 'weight_decay': 0.05,
 'write_summary': False}
------------------------------
Git Branch: BERT_PALs-Aly
Git Hash: aec07e3b (!)
------------------------------------------------------------
Command: train_multitask.py --use_gpu --local_files_only --option finetune --task multitask --hpo --smoketest --additional_inputs --add_layers --profiler --write_summary --combined_models --use_pal --sst --sts --para
------------------------------
etpc task not included in the multitask training and evaluation
Paraphrase detection accuracy: 0.823
Sentiment classification accuracy: 0.716
Semantic Textual Similarity correlation: 0.944


etpc task not included in the multitask training and evaluation
Paraphrase detection accuracy: 0.815
Sentiment classification accuracy: 0.487
Semantic Textual Similarity correlation: 0.829


Saving the model to models1/multitask_classifier/20240820-183111-finetune-20-20000-64-adamw-8e-05-plateau-False-multitask.pt.
Model saved at models1/multitask_classifier/20240820-183111-finetune-20-20000-64-adamw-8e-05-plateau-False-multitask.pt
Epoch 0: Avg Train Loss :: 0.661, Avg Train Acc :: 0.827, Avg Dev Acc :: 0.710
etpc task not included in the multitask training and evaluation
Paraphrase detection accuracy: 0.849
Sentiment classification accuracy: 0.921
Semantic Textual Similarity correlation: 0.967


etpc task not included in the multitask training and evaluation
Paraphrase detection accuracy: 0.824
Sentiment classification accuracy: 0.512
Semantic Textual Similarity correlation: 0.833


Saving the model to models1/multitask_classifier/20240820-183111-finetune-20-20000-64-adamw-8e-05-plateau-False-multitask.pt.
Model saved at models1/multitask_classifier/20240820-183111-finetune-20-20000-64-adamw-8e-05-plateau-False-multitask.pt
Epoch 1: Avg Train Loss :: 0.338, Avg Train Acc :: 0.912, Avg Dev Acc :: 0.723
etpc task not included in the multitask training and evaluation
Paraphrase detection accuracy: 0.756
Sentiment classification accuracy: 0.945
Semantic Textual Similarity correlation: 0.967


etpc task not included in the multitask training and evaluation
Paraphrase detection accuracy: 0.732
Sentiment classification accuracy: 0.488
Semantic Textual Similarity correlation: 0.829


Model not saved since the metrics are did not exceed the starting point. Best Dev Acc: Para: 0.824, SST: 0.512, STS: 0.833
Epoch 2: Avg Train Loss :: 0.244, Avg Train Acc :: 0.890, Avg Dev Acc :: 0.683
etpc task not included in the multitask training and evaluation
Paraphrase detection accuracy: 0.822
Sentiment classification accuracy: 0.976
Semantic Textual Similarity correlation: 0.976


etpc task not included in the multitask training and evaluation
Paraphrase detection accuracy: 0.791
Sentiment classification accuracy: 0.479
Semantic Textual Similarity correlation: 0.846


Model not saved since the metrics are did not exceed the starting point. Best Dev Acc: Para: 0.824, SST: 0.512, STS: 0.833
Epoch 3: Avg Train Loss :: 0.227, Avg Train Acc :: 0.925, Avg Dev Acc :: 0.705
etpc task not included in the multitask training and evaluation
Paraphrase detection accuracy: 0.881
Sentiment classification accuracy: 0.989
Semantic Textual Similarity correlation: 0.976


etpc task not included in the multitask training and evaluation
Paraphrase detection accuracy: 0.839
Sentiment classification accuracy: 0.473
Semantic Textual Similarity correlation: 0.838


Model not saved since the metrics are did not exceed the starting point. Best Dev Acc: Para: 0.824, SST: 0.512, STS: 0.833
Epoch 4: Avg Train Loss :: 0.167, Avg Train Acc :: 0.949, Avg Dev Acc :: 0.717
etpc task not included in the multitask training and evaluation
Paraphrase detection accuracy: 0.885
Sentiment classification accuracy: 1.000
Semantic Textual Similarity correlation: 0.988


etpc task not included in the multitask training and evaluation
Paraphrase detection accuracy: 0.834
Sentiment classification accuracy: 0.485
Semantic Textual Similarity correlation: 0.841


Model not saved since the metrics are did not exceed the starting point. Best Dev Acc: Para: 0.824, SST: 0.512, STS: 0.833
Epoch 5: Avg Train Loss :: 0.121, Avg Train Acc :: 0.958, Avg Dev Acc :: 0.720
etpc task not included in the multitask training and evaluation
Paraphrase detection accuracy: 0.893
Sentiment classification accuracy: 1.000
Semantic Textual Similarity correlation: 0.991


etpc task not included in the multitask training and evaluation
Paraphrase detection accuracy: 0.837
Sentiment classification accuracy: 0.479
Semantic Textual Similarity correlation: 0.843


Model not saved since the metrics are did not exceed the starting point. Best Dev Acc: Para: 0.824, SST: 0.512, STS: 0.833
Epoch 6: Avg Train Loss :: 0.099, Avg Train Acc :: 0.962, Avg Dev Acc :: 0.720
etpc task not included in the multitask training and evaluation
Paraphrase detection accuracy: 0.908
Sentiment classification accuracy: 1.000
Semantic Textual Similarity correlation: 0.992


etpc task not included in the multitask training and evaluation
Paraphrase detection accuracy: 0.847
Sentiment classification accuracy: 0.480
Semantic Textual Similarity correlation: 0.843


Model not saved since the metrics are did not exceed the starting point. Best Dev Acc: Para: 0.824, SST: 0.512, STS: 0.833
Epoch 7: Avg Train Loss :: 0.092, Avg Train Acc :: 0.967, Avg Dev Acc :: 0.723
etpc task not included in the multitask training and evaluation
Paraphrase detection accuracy: 0.902
Sentiment classification accuracy: 1.000
Semantic Textual Similarity correlation: 0.993


etpc task not included in the multitask training and evaluation
Paraphrase detection accuracy: 0.833
Sentiment classification accuracy: 0.484
Semantic Textual Similarity correlation: 0.846


Model not saved since the metrics are did not exceed the starting point. Best Dev Acc: Para: 0.824, SST: 0.512, STS: 0.833
Epoch 8: Avg Train Loss :: 0.085, Avg Train Acc :: 0.965, Avg Dev Acc :: 0.721
etpc task not included in the multitask training and evaluation
Paraphrase detection accuracy: 0.916
Sentiment classification accuracy: 1.000
Semantic Textual Similarity correlation: 0.993


etpc task not included in the multitask training and evaluation
Paraphrase detection accuracy: 0.845
Sentiment classification accuracy: 0.483
Semantic Textual Similarity correlation: 0.846


Model not saved since the metrics are did not exceed the starting point. Best Dev Acc: Para: 0.824, SST: 0.512, STS: 0.833
Epoch 9: Avg Train Loss :: 0.083, Avg Train Acc :: 0.970, Avg Dev Acc :: 0.725
etpc task not included in the multitask training and evaluation
Paraphrase detection accuracy: 0.927
Sentiment classification accuracy: 1.000
Semantic Textual Similarity correlation: 0.993


etpc task not included in the multitask training and evaluation
Paraphrase detection accuracy: 0.849
Sentiment classification accuracy: 0.481
Semantic Textual Similarity correlation: 0.846


Model not saved since the metrics are did not exceed the starting point. Best Dev Acc: Para: 0.824, SST: 0.512, STS: 0.833
Epoch 10: Avg Train Loss :: 0.078, Avg Train Acc :: 0.973, Avg Dev Acc :: 0.725
etpc task not included in the multitask training and evaluation
Paraphrase detection accuracy: 0.929
Sentiment classification accuracy: 1.000
Semantic Textual Similarity correlation: 0.993


etpc task not included in the multitask training and evaluation
Paraphrase detection accuracy: 0.852
Sentiment classification accuracy: 0.479
Semantic Textual Similarity correlation: 0.845


Model not saved since the metrics are did not exceed the starting point. Best Dev Acc: Para: 0.824, SST: 0.512, STS: 0.833
Epoch 11: Avg Train Loss :: 0.074, Avg Train Acc :: 0.974, Avg Dev Acc :: 0.725
etpc task not included in the multitask training and evaluation
Paraphrase detection accuracy: 0.934
Sentiment classification accuracy: 1.000
Semantic Textual Similarity correlation: 0.993


etpc task not included in the multitask training and evaluation
Paraphrase detection accuracy: 0.851
Sentiment classification accuracy: 0.479
Semantic Textual Similarity correlation: 0.845


Model not saved since the metrics are did not exceed the starting point. Best Dev Acc: Para: 0.824, SST: 0.512, STS: 0.833
Epoch 12: Avg Train Loss :: 0.068, Avg Train Acc :: 0.976, Avg Dev Acc :: 0.725
etpc task not included in the multitask training and evaluation
Paraphrase detection accuracy: 0.932
Sentiment classification accuracy: 1.000
Semantic Textual Similarity correlation: 0.993


etpc task not included in the multitask training and evaluation
Paraphrase detection accuracy: 0.847
Sentiment classification accuracy: 0.488
Semantic Textual Similarity correlation: 0.845


Model not saved since the metrics are did not exceed the starting point. Best Dev Acc: Para: 0.824, SST: 0.512, STS: 0.833
Epoch 13: Avg Train Loss :: 0.064, Avg Train Acc :: 0.975, Avg Dev Acc :: 0.727
etpc task not included in the multitask training and evaluation
Paraphrase detection accuracy: 0.938
Sentiment classification accuracy: 1.000
Semantic Textual Similarity correlation: 0.993


etpc task not included in the multitask training and evaluation
Paraphrase detection accuracy: 0.847
Sentiment classification accuracy: 0.479
Semantic Textual Similarity correlation: 0.846


Model not saved since the metrics are did not exceed the starting point. Best Dev Acc: Para: 0.824, SST: 0.512, STS: 0.833
Epoch 14: Avg Train Loss :: 0.062, Avg Train Acc :: 0.977, Avg Dev Acc :: 0.724
etpc task not included in the multitask training and evaluation
Paraphrase detection accuracy: 0.942
Sentiment classification accuracy: 1.000
Semantic Textual Similarity correlation: 0.993


etpc task not included in the multitask training and evaluation
Paraphrase detection accuracy: 0.855
Sentiment classification accuracy: 0.479
Semantic Textual Similarity correlation: 0.846


Model not saved since the metrics are did not exceed the starting point. Best Dev Acc: Para: 0.824, SST: 0.512, STS: 0.833
Epoch 15: Avg Train Loss :: 0.060, Avg Train Acc :: 0.978, Avg Dev Acc :: 0.727
etpc task not included in the multitask training and evaluation
Paraphrase detection accuracy: 0.952
Sentiment classification accuracy: 1.000
Semantic Textual Similarity correlation: 0.993


etpc task not included in the multitask training and evaluation
Paraphrase detection accuracy: 0.855
Sentiment classification accuracy: 0.487
Semantic Textual Similarity correlation: 0.847


Model not saved since the metrics are did not exceed the starting point. Best Dev Acc: Para: 0.824, SST: 0.512, STS: 0.833
Epoch 16: Avg Train Loss :: 0.059, Avg Train Acc :: 0.982, Avg Dev Acc :: 0.730
etpc task not included in the multitask training and evaluation
Paraphrase detection accuracy: 0.953
Sentiment classification accuracy: 1.000
Semantic Textual Similarity correlation: 0.993


etpc task not included in the multitask training and evaluation
Paraphrase detection accuracy: 0.855
Sentiment classification accuracy: 0.480
Semantic Textual Similarity correlation: 0.846


Model not saved since the metrics are did not exceed the starting point. Best Dev Acc: Para: 0.824, SST: 0.512, STS: 0.833
Epoch 17: Avg Train Loss :: 0.055, Avg Train Acc :: 0.982, Avg Dev Acc :: 0.727
etpc task not included in the multitask training and evaluation
Paraphrase detection accuracy: 0.958
Sentiment classification accuracy: 1.000
Semantic Textual Similarity correlation: 0.993


etpc task not included in the multitask training and evaluation
Paraphrase detection accuracy: 0.859
Sentiment classification accuracy: 0.474
Semantic Textual Similarity correlation: 0.845


Model not saved since the metrics are did not exceed the starting point. Best Dev Acc: Para: 0.824, SST: 0.512, STS: 0.833
Epoch 18: Avg Train Loss :: 0.050, Avg Train Acc :: 0.984, Avg Dev Acc :: 0.726
etpc task not included in the multitask training and evaluation
Paraphrase detection accuracy: 0.960
Sentiment classification accuracy: 1.000
Semantic Textual Similarity correlation: 0.994


etpc task not included in the multitask training and evaluation
Paraphrase detection accuracy: 0.860
Sentiment classification accuracy: 0.477
Semantic Textual Similarity correlation: 0.845


Model not saved since the metrics are did not exceed the starting point. Best Dev Acc: Para: 0.824, SST: 0.512, STS: 0.833
Epoch 19: Avg Train Loss :: 0.049, Avg Train Acc :: 0.984, Avg Dev Acc :: 0.727
Loaded model to test from models1/multitask_classifier/20240820-183111-finetune-20-20000-64-adamw-8e-05-plateau-False-multitask.pt
Loaded 2371 test examples from data/sst-sentiment-test-student.csv
Loaded 40540 test examples from data/quora-paraphrase-test-student.csv
Loaded 1721 test examples from data/sts-similarity-test-student.csv
Loaded 574 test examples from data/etpc-paraphrase-detection-test-student.csv
Loaded 2365 dev examples from data/sst-sentiment-dev.csv
Loaded 40540 dev examples from data/quora-paraphrase-dev.csv
Loaded 1709 dev examples from data/sts-similarity-dev.csv
Loaded 505 dev examples from data/etpc-paraphrase-dev.csv
etpc task not included in the multitask training and evaluation
Paraphrase detection accuracy: 0.824
Sentiment classification accuracy: 0.512
Semantic Textual Similarity correlation: 0.853


etpc task not included in the multitask training and evaluation
dev sentiment acc :: 0.512
your score is lower than the baseline for sst task
dev paraphrase acc :: 0.824
Your score is higher than the baseline for qqp task
saving params
dev sts corr :: 0.853
Your score is higher than the baseline for sts task
saving params
