================================================================================
JobID = 1486858
User = u11448, Account = nhr_dnlpss24_g04
Partition = grete, Nodelist = ggpu121
================================================================================
Submitting job with sbatch from directory: /home/mohamed.aly/u11448/DeepLearning4NLP
Home directory: /user/mohamed.aly/u11448
Working directory: /home/mohamed.aly/u11448/DeepLearning4NLP
Current node: ggpu121
Python 3.10.14
Collecting environment information...
PyTorch version: 2.2.0
Is debug build: False
CUDA used to build PyTorch: 12.1
ROCM used to build PyTorch: N/A

OS: Rocky Linux 8.8 (Green Obsidian) (x86_64)
GCC version: (GCC) 8.5.0 20210514 (Red Hat 8.5.0-18)
Clang version: Could not collect
CMake version: version 3.27.4
Libc version: glibc-2.28

Python version: 3.10.14 (main, May  6 2024, 19:42:50) [GCC 11.2.0] (64-bit runtime)
Python platform: Linux-4.18.0-477.21.1.el8_8.x86_64-x86_64-with-glibc2.28
Is CUDA available: True
CUDA runtime version: Could not collect
CUDA_MODULE_LOADING set to: LAZY
GPU models and configuration: 
GPU 0: NVIDIA A100-SXM4-40GB
GPU 1: NVIDIA A100-SXM4-40GB
GPU 2: NVIDIA A100-SXM4-40GB
GPU 3: NVIDIA A100-SXM4-40GB

Nvidia driver version: 535.104.12
cuDNN version: Probably one of the following:
/usr/lib64/libcudnn.so.8.9.5
/usr/lib64/libcudnn_adv_infer.so.8.9.5
/usr/lib64/libcudnn_adv_train.so.8.9.5
/usr/lib64/libcudnn_cnn_infer.so.8.9.5
/usr/lib64/libcudnn_cnn_train.so.8.9.5
/usr/lib64/libcudnn_ops_infer.so.8.9.5
/usr/lib64/libcudnn_ops_train.so.8.9.5
HIP runtime version: N/A
MIOpen runtime version: N/A
Is XNNPACK available: True

CPU:
Architecture:        x86_64
CPU op-mode(s):      32-bit, 64-bit
Byte Order:          Little Endian
CPU(s):              128
On-line CPU(s) list: 0-127
Thread(s) per core:  2
Core(s) per socket:  32
Socket(s):           2
NUMA node(s):        8
Vendor ID:           AuthenticAMD
CPU family:          25
Model:               1
Model name:          AMD EPYC 7513 32-Core Processor
Stepping:            1
CPU MHz:             2600.000
CPU max MHz:         3681.6399
CPU min MHz:         1500.0000
BogoMIPS:            5199.84
Virtualization:      AMD-V
L1d cache:           32K
L1i cache:           32K
L2 cache:            512K
L3 cache:            32768K
NUMA node0 CPU(s):   0-7,64-71
NUMA node1 CPU(s):   8-15,72-79
NUMA node2 CPU(s):   16-23,80-87
NUMA node3 CPU(s):   24-31,88-95
NUMA node4 CPU(s):   32-39,96-103
NUMA node5 CPU(s):   40-47,104-111
NUMA node6 CPU(s):   48-55,112-119
NUMA node7 CPU(s):   56-63,120-127
Flags:               fpu vme de pse tsc msr pae mce cx8 apic sep mtrr pge mca cmov pat pse36 clflush mmx fxsr sse sse2 ht syscall nx mmxext fxsr_opt pdpe1gb rdtscp lm constant_tsc rep_good nopl nonstop_tsc cpuid extd_apicid aperfmperf pni pclmulqdq monitor ssse3 fma cx16 pcid sse4_1 sse4_2 movbe popcnt aes xsave avx f16c rdrand lahf_lm cmp_legacy svm extapic cr8_legacy abm sse4a misalignsse 3dnowprefetch osvw ibs skinit wdt tce topoext perfctr_core perfctr_nb bpext perfctr_llc mwaitx cpb cat_l3 cdp_l3 invpcid_single hw_pstate ssbd mba ibrs ibpb stibp vmmcall fsgsbase bmi1 avx2 smep bmi2 erms invpcid cqm rdt_a rdseed adx smap clflushopt clwb sha_ni xsaveopt xsavec xgetbv1 xsaves cqm_llc cqm_occup_llc cqm_mbm_total cqm_mbm_local clzero irperf xsaveerptr wbnoinvd amd_ppin brs arat npt lbrv svm_lock nrip_save tsc_scale vmcb_clean flushbyasid decodeassists pausefilter pfthreshold v_vmsave_vmload vgif v_spec_ctrl umip pku ospke vaes vpclmulqdq rdpid overflow_recov succor smca fsrm

Versions of relevant libraries:
[pip3] numpy==1.26.4
[pip3] pytorch-crf==0.7.2
[pip3] smart-pytorch==0.0.4
[pip3] torch==2.2.0
[pip3] torch-tb-profiler==0.4.3
[pip3] torchaudio==2.2.0
[pip3] torchvision==0.17.0
[pip3] triton==2.2.0
[conda] blas                      1.0                         mkl  
[conda] ffmpeg                    4.3                  hf484d3e_0    pytorch
[conda] libjpeg-turbo             2.0.0                h9bf148f_0    pytorch
[conda] mkl                       2023.1.0         h213fc3f_46344  
[conda] mkl-fft                   1.3.8                    pypi_0    pypi
[conda] mkl-random                1.2.4                    pypi_0    pypi
[conda] mkl-service               2.4.0                    pypi_0    pypi
[conda] mkl_fft                   1.3.8           py310h5eee18b_0  
[conda] mkl_random                1.2.4           py310hdb19cb5_0  
[conda] numpy                     1.26.4                   pypi_0    pypi
[conda] numpy-base                1.26.4          py310hb5e798b_0  
[conda] pytorch                   2.2.0           py3.10_cuda12.1_cudnn8.9.2_0    pytorch
[conda] pytorch-crf               0.7.2                    pypi_0    pypi
[conda] pytorch-cuda              12.1                 ha16c6d3_5    pytorch
[conda] pytorch-mutex             1.0                        cuda    pytorch
[conda] smart-pytorch             0.0.4                    pypi_0    pypi
[conda] torch                     2.2.0                    pypi_0    pypi
[conda] torch-tb-profiler         0.4.3                    pypi_0    pypi
[conda] torchaudio                2.2.0                    pypi_0    pypi
[conda] torchtriton               2.2.0                     py310    pytorch
[conda] torchvision               0.17.0                   pypi_0    pypi
[conda] triton                    2.2.0                    pypi_0    pypi

Current Branch: train_multitask_all_data-Aly
Latest Commit: 6186b3b
Uncommitted Changes: 10

Loaded 7111 train examples from data/sst-sentiment-train.csv
Loaded 121620 train examples from data/quora-paraphrase-train.csv
Loaded 5149 train examples from data/sts-similarity-train.csv
Loaded 2019 train examples from data/etpc-paraphrase-train.csv
Loaded 2365 train examples from data/sst-sentiment-dev.csv
Loaded 40540 train examples from data/quora-paraphrase-dev.csv
Loaded 1709 train examples from data/sts-similarity-dev.csv
Loaded 505 train examples from data/etpc-paraphrase-dev.csv
------------------------------
    Multitask BERT Model Configuration
------------------------------
{'additional_inputs': True,
 'batch_size': 64,
 'checkpoint': None,
 'clip': 0.25,
 'config_save_dir': './config_params/bert/multitask/',
 'epochs': 6,
 'filepath': 'models1/multitask_classifier/3daea1fc-7c62-44a1-86c8-8e0e3d547e05-finetune-6-10000-64-sophiah-0.0004-plateau-False-multitask.pt',
 'hess_interval': 10,
 'hidden_dropout_prob': 0.1,
 'hpo': False,
 'hpo_trials': 10,
 'layers': None,
 'local_files_only': True,
 'logdir': 'logdir',
 'lr': 0.0004,
 'optimizer': 'sophiah',
 'option': 'finetune',
 'para': True,
 'pooling': None,
 'profiler': True,
 'rho': 0.05,
 'samples_per_epoch': 10000,
 'scheduler': 'plateau',
 'seed': 11711,
 'smoketest': False,
 'sst': True,
 'sts': True,
 'task': 'multitask',
 'tensorboard_subfolder': None,
 'train_mode': 'last_hidden_state',
 'unfreeze_interval': None,
 'use_gpu': True,
 'weight_decay': 0.05}
------------------------------
Git Branch: train_multitask_all_data-Aly
Git Hash: 6186b3be (!)
------------------------------------------------------------
Command: train_multitask.py --use_gpu --local_files_only --option finetune --task multitask --hpo --smoketest --additional_inputs --profiler --sst --sts --para
------------------------------
etpc task not included in the multitask training and evaluation
Paraphrase detection accuracy: 0.706
Sentiment classification accuracy: 0.398
Semantic Textual Similarity correlation: 0.885


etpc task not included in the multitask training and evaluation
Paraphrase detection accuracy: 0.709
Sentiment classification accuracy: 0.403
Semantic Textual Similarity correlation: 0.812


Saving the model to models1/multitask_classifier/3daea1fc-7c62-44a1-86c8-8e0e3d547e05-finetune-6-10000-64-sophiah-0.0004-plateau-False-multitask.pt.
Epoch 0: Avg Train Loss :: 1.185, Avg Train Acc :: 0.663, Avg Dev Acc :: 0.642
etpc task not included in the multitask training and evaluation
Paraphrase detection accuracy: 0.786
Sentiment classification accuracy: 0.456
Semantic Textual Similarity correlation: 0.944


etpc task not included in the multitask training and evaluation
Paraphrase detection accuracy: 0.785
Sentiment classification accuracy: 0.444
Semantic Textual Similarity correlation: 0.816


Saving the model to models1/multitask_classifier/3daea1fc-7c62-44a1-86c8-8e0e3d547e05-finetune-6-10000-64-sophiah-0.0004-plateau-False-multitask.pt.
Epoch 1: Avg Train Loss :: 0.809, Avg Train Acc :: 0.729, Avg Dev Acc :: 0.682
etpc task not included in the multitask training and evaluation
Paraphrase detection accuracy: 0.818
Sentiment classification accuracy: 0.561
Semantic Textual Similarity correlation: 0.962


etpc task not included in the multitask training and evaluation
Paraphrase detection accuracy: 0.811
Sentiment classification accuracy: 0.474
Semantic Textual Similarity correlation: 0.826


Saving the model to models1/multitask_classifier/3daea1fc-7c62-44a1-86c8-8e0e3d547e05-finetune-6-10000-64-sophiah-0.0004-plateau-False-multitask.pt.
Epoch 2: Avg Train Loss :: 0.611, Avg Train Acc :: 0.780, Avg Dev Acc :: 0.704
etpc task not included in the multitask training and evaluation
Paraphrase detection accuracy: 0.827
Sentiment classification accuracy: 0.617
Semantic Textual Similarity correlation: 0.966


etpc task not included in the multitask training and evaluation
Paraphrase detection accuracy: 0.816
Sentiment classification accuracy: 0.457
Semantic Textual Similarity correlation: 0.833


Epoch 3: Avg Train Loss :: 0.541, Avg Train Acc :: 0.804, Avg Dev Acc :: 0.702
etpc task not included in the multitask training and evaluation
Paraphrase detection accuracy: 0.828
Sentiment classification accuracy: 0.669
Semantic Textual Similarity correlation: 0.969


etpc task not included in the multitask training and evaluation
Paraphrase detection accuracy: 0.810
Sentiment classification accuracy: 0.505
Semantic Textual Similarity correlation: 0.828


Epoch 4: Avg Train Loss :: 0.476, Avg Train Acc :: 0.822, Avg Dev Acc :: 0.714
etpc task not included in the multitask training and evaluation
Paraphrase detection accuracy: 0.845
Sentiment classification accuracy: 0.763
Semantic Textual Similarity correlation: 0.973


etpc task not included in the multitask training and evaluation
Paraphrase detection accuracy: 0.825
Sentiment classification accuracy: 0.488
Semantic Textual Similarity correlation: 0.826


Saving the model to models1/multitask_classifier/3daea1fc-7c62-44a1-86c8-8e0e3d547e05-finetune-6-10000-64-sophiah-0.0004-plateau-False-multitask.pt.
Epoch 5: Avg Train Loss :: 0.415, Avg Train Acc :: 0.861, Avg Dev Acc :: 0.713
Loaded model to test from models1/multitask_classifier/3daea1fc-7c62-44a1-86c8-8e0e3d547e05-finetune-6-10000-64-sophiah-0.0004-plateau-False-multitask.pt
Loaded 2371 test examples from data/sst-sentiment-test-student.csv
Loaded 40540 test examples from data/quora-paraphrase-test-student.csv
Loaded 1721 test examples from data/sts-similarity-test-student.csv
Loaded 574 test examples from data/etpc-paraphrase-detection-test-student.csv
Loaded 2365 dev examples from data/sst-sentiment-dev.csv
Loaded 40540 dev examples from data/quora-paraphrase-dev.csv
Loaded 1709 dev examples from data/sts-similarity-dev.csv
Loaded 505 dev examples from data/etpc-paraphrase-dev.csv
etpc task not included in the multitask training and evaluation
Paraphrase detection accuracy: 0.825
Sentiment classification accuracy: 0.488
Semantic Textual Similarity correlation: 0.843


etpc task not included in the multitask training and evaluation
dev sentiment acc :: 0.488
dev paraphrase acc :: 0.825
dev sts corr :: 0.843
============ Job Information ===================================================
Submitted: 2024-08-22T23:12:05
Started: 2024-08-22T23:12:06
Ended: 2024-08-23T00:08:13
Elapsed: 57 min, Limit: 900 min, Difference: 843 min
CPUs: 128, Nodes: 1
Estimated Consumption: 1140.00 core-hours
================================================================================
